<?xml version="1.0" encoding="UTF-8"?>
<coverage generated="1565698798456" clover="3.2.0">
  <project timestamp="1565698798456" name="All files">
    <metrics statements="239" coveredstatements="195" conditionals="90" coveredconditionals="71" methods="79" coveredmethods="57" elements="408" coveredelements="323" complexity="0" loc="239" ncloc="239" packages="5" files="10" classes="10">
      <package name="src">
        <metrics statements="143" coveredstatements="139" conditionals="84" coveredconditionals="65" methods="45" coveredmethods="45"/>
        <file name="constants.ts" path="/Users/andrew/Documents/multibasebox/projects/undo-redo-vuex/src/constants.ts">
          <metrics statements="4" coveredstatements="4" conditionals="0" coveredconditionals="0" methods="0" coveredmethods="0"/>
          <line num="1" count="5" type="stmt"/>
          <line num="2" count="5" type="stmt"/>
          <line num="3" count="5" type="stmt"/>
          <line num="4" count="5" type="stmt"/>
        </file>
        <file name="redo.ts" path="/Users/andrew/Documents/multibasebox/projects/undo-redo-vuex/src/redo.ts">
          <metrics statements="27" coveredstatements="27" conditionals="16" coveredconditionals="14" methods="4" coveredmethods="4"/>
          <line num="1" count="5" type="stmt"/>
          <line num="15" count="5" type="stmt"/>
          <line num="21" count="14" type="stmt"/>
          <line num="22" count="14" type="stmt"/>
          <line num="23" count="14" type="cond" truecount="1" falsecount="1"/>
          <line num="30" count="14" type="stmt"/>
          <line num="43" count="31" type="cond" truecount="2" falsecount="0"/>
          <line num="45" count="14" type="stmt"/>
          <line num="47" count="14" type="stmt"/>
          <line num="48" count="17" type="cond" truecount="2" falsecount="0"/>
          <line num="50" count="7" type="stmt"/>
          <line num="53" count="10" type="stmt"/>
          <line num="54" count="10" type="stmt"/>
          <line num="57" count="10" type="stmt"/>
          <line num="59" count="10" type="cond" truecount="2" falsecount="0"/>
          <line num="60" count="10" type="cond" truecount="2" falsecount="0"/>
          <line num="63" count="31" type="stmt"/>
          <line num="72" count="14" type="stmt"/>
          <line num="74" count="14" type="stmt"/>
          <line num="76" count="22" type="stmt"/>
          <line num="82" count="22" type="stmt"/>
          <line num="84" count="22" type="stmt"/>
          <line num="89" count="14" type="stmt"/>
          <line num="90" count="14" type="stmt"/>
          <line num="91" count="14" type="stmt"/>
          <line num="92" count="14" type="stmt"/>
          <line num="97" count="14" type="stmt"/>
        </file>
        <file name="undo.ts" path="/Users/andrew/Documents/multibasebox/projects/undo-redo-vuex/src/undo.ts">
          <metrics statements="31" coveredstatements="31" conditionals="18" coveredconditionals="15" methods="5" coveredmethods="5"/>
          <line num="1" count="5" type="stmt"/>
          <line num="2" count="5" type="stmt"/>
          <line num="16" count="5" type="stmt"/>
          <line num="22" count="15" type="stmt"/>
          <line num="23" count="15" type="stmt"/>
          <line num="25" count="15" type="cond" truecount="1" falsecount="1"/>
          <line num="32" count="15" type="stmt"/>
          <line num="45" count="51" type="cond" truecount="2" falsecount="0"/>
          <line num="47" count="15" type="stmt"/>
          <line num="49" count="15" type="stmt"/>
          <line num="50" count="36" type="cond" truecount="2" falsecount="0"/>
          <line num="52" count="20" type="stmt"/>
          <line num="54" count="16" type="stmt"/>
          <line num="55" count="16" type="stmt"/>
          <line num="58" count="16" type="stmt"/>
          <line num="60" count="16" type="cond" truecount="2" falsecount="0"/>
          <line num="61" count="16" type="cond" truecount="2" falsecount="0"/>
          <line num="64" count="51" type="stmt"/>
          <line num="74" count="24" type="stmt"/>
          <line num="78" count="15" type="stmt"/>
          <line num="80" count="15" type="stmt"/>
          <line num="81" count="15" type="stmt"/>
          <line num="82" count="15" type="stmt"/>
          <line num="83" count="15" type="stmt"/>
          <line num="84" count="27" type="stmt"/>
          <line num="92" count="27" type="stmt"/>
          <line num="93" count="27" type="stmt"/>
          <line num="98" count="15" type="stmt"/>
          <line num="99" count="15" type="stmt"/>
          <line num="100" count="15" type="stmt"/>
          <line num="106" count="15" type="stmt"/>
        </file>
        <file name="undoRedo.ts" path="/Users/andrew/Documents/multibasebox/projects/undo-redo-vuex/src/undoRedo.ts">
          <metrics statements="54" coveredstatements="52" conditionals="44" coveredconditionals="33" methods="19" coveredmethods="19"/>
          <line num="2" count="5" type="stmt"/>
          <line num="3" count="5" type="stmt"/>
          <line num="4" count="5" type="stmt"/>
          <line num="5" count="5" type="stmt"/>
          <line num="9" count="5" type="stmt"/>
          <line num="10" count="5" type="stmt"/>
          <line num="11" count="5" type="stmt"/>
          <line num="13" count="5" type="stmt"/>
          <line num="19" count="5" type="stmt"/>
          <line num="25" count="5" type="stmt"/>
          <line num="28" count="104" type="cond" truecount="2" falsecount="0"/>
          <line num="29" count="104" type="cond" truecount="2" falsecount="0"/>
          <line num="33" count="5" type="stmt"/>
          <line num="40" count="5" type="stmt"/>
          <line num="43" count="5" type="stmt"/>
          <line num="51" count="5" type="stmt"/>
          <line num="54" count="1" type="stmt"/>
          <line num="56" count="2" type="stmt"/>
          <line num="60" count="5" type="stmt"/>
          <line num="61" count="1" type="stmt"/>
          <line num="62" count="1" type="stmt"/>
          <line num="70" count="15" type="stmt"/>
          <line num="71" count="15" type="stmt"/>
          <line num="72" count="15" type="cond" truecount="1" falsecount="1"/>
          <line num="73" count="15" type="stmt"/>
          <line num="75" count="0" type="stmt"/>
          <line num="78" count="15" type="stmt"/>
          <line num="79" count="15" type="stmt"/>
          <line num="80" count="15" type="cond" truecount="1" falsecount="1"/>
          <line num="81" count="15" type="stmt"/>
          <line num="83" count="0" type="stmt"/>
          <line num="97" count="5" type="stmt"/>
          <line num="98" count="5" type="stmt"/>
          <line num="109" count="5" type="stmt"/>
          <line num="110" count="195" type="stmt"/>
          <line num="111" count="195" type="stmt"/>
          <line num="114" count="195" type="stmt"/>
          <line num="116" count="195" type="cond" truecount="1" falsecount="1"/>
          <line num="117" count="195" type="stmt"/>
          <line num="119" count="195" type="cond" truecount="2" falsecount="0"/>
          <line num="126" count="23" type="stmt"/>
          <line num="127" count="23" type="stmt"/>
          <line num="131" count="23" type="stmt"/>
          <line num="137" count="5" type="stmt"/>
          <line num="138" count="34" type="stmt"/>
          <line num="139" count="34" type="cond" truecount="2" falsecount="0"/>
          <line num="141" count="34" type="stmt"/>
          <line num="143" count="15" type="cond" truecount="2" falsecount="0"/>
          <line num="144" count="14" type="stmt"/>
          <line num="145" count="15" type="stmt"/>
          <line num="147" count="15" type="cond" truecount="1" falsecount="1"/>
          <line num="148" count="15" type="stmt"/>
          <line num="149" count="15" type="stmt"/>
          <line num="151" count="4" type="stmt"/>
        </file>
        <file name="utils-undo-redo.ts" path="/Users/andrew/Documents/multibasebox/projects/undo-redo-vuex/src/utils-undo-redo.ts">
          <metrics statements="27" coveredstatements="25" conditionals="6" coveredconditionals="3" methods="17" coveredmethods="17"/>
          <line num="1" count="5" type="stmt"/>
          <line num="12" count="358" type="stmt"/>
          <line num="14" count="358" type="cond" truecount="1" falsecount="1"/>
          <line num="26" count="44" type="stmt"/>
          <line num="27" count="44" type="stmt"/>
          <line num="28" count="73" type="stmt"/>
          <line num="31" count="4" type="stmt"/>
          <line num="44" count="5" type="stmt"/>
          <line num="45" count="52" type="stmt"/>
          <line num="46" count="52" type="stmt"/>
          <line num="47" count="52" type="stmt"/>
          <line num="51" count="52" type="stmt"/>
          <line num="52" count="52" type="stmt"/>
          <line num="53" count="52" type="cond" truecount="1" falsecount="1"/>
          <line num="54" count="52" type="stmt"/>
          <line num="56" count="0" type="stmt"/>
          <line num="59" count="52" type="stmt"/>
          <line num="60" count="52" type="stmt"/>
          <line num="61" count="52" type="cond" truecount="1" falsecount="1"/>
          <line num="62" count="52" type="stmt"/>
          <line num="64" count="0" type="stmt"/>
          <line num="67" count="5" type="stmt"/>
          <line num="73" count="52" type="stmt"/>
          <line num="74" count="52" type="stmt"/>
          <line num="75" count="52" type="stmt"/>
          <line num="77" count="52" type="stmt"/>
          <line num="80" count="52" type="stmt"/>
        </file>
      </package>
      <package name="tests.store">
        <metrics statements="9" coveredstatements="9" conditionals="0" coveredconditionals="0" methods="0" coveredmethods="0"/>
        <file name="index.ts" path="/Users/andrew/Documents/multibasebox/projects/undo-redo-vuex/tests/store/index.ts">
          <metrics statements="9" coveredstatements="9" conditionals="0" coveredconditionals="0" methods="0" coveredmethods="0"/>
          <line num="1" count="1" type="stmt"/>
          <line num="2" count="1" type="stmt"/>
          <line num="3" count="1" type="stmt"/>
          <line num="4" count="1" type="stmt"/>
          <line num="5" count="1" type="stmt"/>
          <line num="7" count="1" type="stmt"/>
          <line num="9" count="1" type="stmt"/>
          <line num="11" count="1" type="stmt"/>
          <line num="29" count="1" type="stmt"/>
        </file>
      </package>
      <package name="tests.store-non-namespaced">
        <metrics statements="23" coveredstatements="17" conditionals="0" coveredconditionals="0" methods="11" coveredmethods="4"/>
        <file name="index.ts" path="/Users/andrew/Documents/multibasebox/projects/undo-redo-vuex/tests/store-non-namespaced/index.ts">
          <metrics statements="23" coveredstatements="17" conditionals="0" coveredconditionals="0" methods="11" coveredmethods="4"/>
          <line num="3" count="4" type="stmt"/>
          <line num="4" count="4" type="stmt"/>
          <line num="5" count="4" type="stmt"/>
          <line num="6" count="4" type="stmt"/>
          <line num="8" count="4" type="stmt"/>
          <line num="10" count="4" type="stmt"/>
          <line num="30" count="4" type="stmt"/>
          <line num="35" count="4" type="stmt"/>
          <line num="36" count="0" type="stmt"/>
          <line num="37" count="0" type="stmt"/>
          <line num="38" count="0" type="stmt"/>
          <line num="39" count="0" type="stmt"/>
          <line num="42" count="4" type="stmt"/>
          <line num="45" count="1" type="stmt"/>
          <line num="48" count="1" type="stmt"/>
          <line num="52" count="4" type="stmt"/>
          <line num="54" count="12" type="stmt"/>
          <line num="57" count="60" type="stmt"/>
          <line num="60" count="0" type="stmt"/>
          <line num="63" count="0" type="stmt"/>
          <line num="66" count="1" type="stmt"/>
          <line num="69" count="1" type="stmt"/>
          <line num="73" count="4" type="stmt"/>
        </file>
      </package>
      <package name="tests.store.modules">
        <metrics statements="57" coveredstatements="23" conditionals="0" coveredconditionals="0" methods="19" coveredmethods="4"/>
        <file name="auth.ts" path="/Users/andrew/Documents/multibasebox/projects/undo-redo-vuex/tests/store/modules/auth.ts">
          <metrics statements="37" coveredstatements="9" conditionals="0" coveredconditionals="0" methods="8" coveredmethods="0"/>
          <line num="1" count="1" type="stmt"/>
          <line num="3" count="1" type="stmt"/>
          <line num="8" count="1" type="stmt"/>
          <line num="10" count="1" type="stmt"/>
          <line num="11" count="0" type="stmt"/>
          <line num="14" count="1" type="stmt"/>
          <line num="15" count="0" type="stmt"/>
          <line num="16" count="0" type="stmt"/>
          <line num="17" count="0" type="stmt"/>
          <line num="20" count="1" type="stmt"/>
          <line num="21" count="0" type="stmt"/>
          <line num="22" count="0" type="stmt"/>
          <line num="23" count="0" type="stmt"/>
          <line num="27" count="1" type="stmt"/>
          <line num="29" count="0" type="stmt"/>
          <line num="30" count="0" type="stmt"/>
          <line num="31" count="0" type="stmt"/>
          <line num="32" count="0" type="stmt"/>
          <line num="33" count="0" type="stmt"/>
          <line num="35" count="0" type="stmt"/>
          <line num="36" count="0" type="stmt"/>
          <line num="40" count="0" type="stmt"/>
          <line num="41" count="0" type="stmt"/>
          <line num="42" count="0" type="stmt"/>
          <line num="43" count="0" type="stmt"/>
          <line num="45" count="0" type="stmt"/>
          <line num="46" count="0" type="stmt"/>
          <line num="51" count="1" type="stmt"/>
          <line num="53" count="0" type="stmt"/>
          <line num="57" count="0" type="stmt"/>
          <line num="58" count="0" type="stmt"/>
          <line num="62" count="0" type="stmt"/>
          <line num="66" count="0" type="stmt"/>
          <line num="67" count="0" type="stmt"/>
          <line num="71" count="0" type="stmt"/>
          <line num="72" count="0" type="stmt"/>
          <line num="76" count="1" type="stmt"/>
        </file>
        <file name="list.ts" path="/Users/andrew/Documents/multibasebox/projects/undo-redo-vuex/tests/store/modules/list.ts">
          <metrics statements="20" coveredstatements="14" conditionals="0" coveredconditionals="0" methods="11" coveredmethods="4"/>
          <line num="2" count="1" type="stmt"/>
          <line num="3" count="1" type="stmt"/>
          <line num="5" count="1" type="stmt"/>
          <line num="7" count="1" type="stmt"/>
          <line num="12" count="1" type="stmt"/>
          <line num="13" count="0" type="stmt"/>
          <line num="14" count="0" type="stmt"/>
          <line num="15" count="0" type="stmt"/>
          <line num="16" count="0" type="stmt"/>
          <line num="32" count="1" type="stmt"/>
          <line num="35" count="1" type="stmt"/>
          <line num="38" count="1" type="stmt"/>
          <line num="42" count="1" type="stmt"/>
          <line num="44" count="3" type="stmt"/>
          <line num="47" count="12" type="stmt"/>
          <line num="50" count="0" type="stmt"/>
          <line num="53" count="0" type="stmt"/>
          <line num="56" count="1" type="stmt"/>
          <line num="59" count="1" type="stmt"/>
          <line num="63" count="1" type="stmt"/>
        </file>
      </package>
      <package name="tests.unit">
        <metrics statements="7" coveredstatements="7" conditionals="6" coveredconditionals="6" methods="4" coveredmethods="4"/>
        <file name="utils-test.ts" path="/Users/andrew/Documents/multibasebox/projects/undo-redo-vuex/tests/unit/utils-test.ts">
          <metrics statements="7" coveredstatements="7" conditionals="6" coveredconditionals="6" methods="4" coveredmethods="4"/>
          <line num="1" count="5" type="stmt"/>
          <line num="3" count="15" type="cond" truecount="1" falsecount="0"/>
          <line num="4" count="15" type="cond" truecount="2" falsecount="0"/>
          <line num="5" count="15" type="stmt"/>
          <line num="8" count="15" type="cond" truecount="1" falsecount="0"/>
          <line num="9" count="15" type="cond" truecount="2" falsecount="0"/>
          <line num="10" count="15" type="stmt"/>
        </file>
      </package>
    </metrics>
  </project>
</coverage>
