{"/Users/andrew/Documents/multibasebox/projects/undo-redo-vuex/src/constants.ts": {"path":"/Users/andrew/Documents/multibasebox/projects/undo-redo-vuex/src/constants.ts","statementMap":{"0":{"start":{"line":1,"column":13},"end":{"line":1,"column":40}},"1":{"start":{"line":2,"column":13},"end":{"line":2,"column":56}},"2":{"start":{"line":3,"column":13},"end":{"line":3,"column":27}},"3":{"start":{"line":4,"column":13},"end":{"line":4,"column":27}}},"fnMap":{},"branchMap":{},"s":{"0":5,"1":5,"2":5,"3":5},"f":{},"b":{}}
,"/Users/andrew/Documents/multibasebox/projects/undo-redo-vuex/src/redo.ts": {"path":"/Users/andrew/Documents/multibasebox/projects/undo-redo-vuex/src/redo.ts","statementMap":{"0":{"start":{"line":1,"column":0},"end":{"line":6,"column":26}},"1":{"start":{"line":15,"column":0},"end":{"line":99,"column":2}},"2":{"start":{"line":21,"column":6},"end":{"line":99,"column":1}},"3":{"start":{"line":22,"column":17},"end":{"line":22,"column":44}},"4":{"start":{"line":23,"column":2},"end":{"line":98,"column":3}},"5":{"start":{"line":30,"column":32},"end":{"line":70,"column":5}},"6":{"start":{"line":43,"column":8},"end":{"line":61,"column":9}},"7":{"start":{"line":45,"column":10},"end":{"line":45,"column":24}},"8":{"start":{"line":47,"column":10},"end":{"line":47,"column":44}},"9":{"start":{"line":48,"column":15},"end":{"line":61,"column":9}},"10":{"start":{"line":50,"column":10},"end":{"line":50,"column":34}},"11":{"start":{"line":53,"column":29},"end":{"line":53,"column":56}},"12":{"start":{"line":54,"column":34},"end":{"line":54,"column":52}},"13":{"start":{"line":57,"column":10},"end":{"line":58,"column":75}},"14":{"start":{"line":59,"column":10},"end":{"line":59,"column":58}},"15":{"start":{"line":60,"column":10},"end":{"line":60,"column":56}},"16":{"start":{"line":63,"column":8},"end":{"line":63,"column":44}},"17":{"start":{"line":72,"column":4},"end":{"line":72,"column":31}},"18":{"start":{"line":74,"column":26},"end":{"line":88,"column":6}},"19":{"start":{"line":76,"column":6},"end":{"line":79,"column":8}},"20":{"start":{"line":82,"column":31},"end":{"line":82,"column":38}},"21":{"start":{"line":84,"column":6},"end":{"line":87,"column":8}},"22":{"start":{"line":89,"column":4},"end":{"line":89,"column":63}},"23":{"start":{"line":90,"column":4},"end":{"line":90,"column":47}},"24":{"start":{"line":91,"column":4},"end":{"line":91,"column":30}},"25":{"start":{"line":92,"column":4},"end":{"line":95,"column":7}},"26":{"start":{"line":97,"column":4},"end":{"line":97,"column":51}}},"fnMap":{"0":{"name":"(anonymous_0)","decl":{"start":{"line":15,"column":15},"end":{"line":15,"column":16}},"loc":{"start":{"line":21,"column":6},"end":{"line":99,"column":1}}},"1":{"name":"(anonymous_1)","decl":{"start":{"line":21,"column":6},"end":{"line":21,"column":10}},"loc":{"start":{"line":21,"column":34},"end":{"line":99,"column":1}}},"2":{"name":"(anonymous_2)","decl":{"start":{"line":31,"column":6},"end":{"line":32,"column":8}},"loc":{"start":{"line":42,"column":10},"end":{"line":64,"column":7}}},"3":{"name":"(anonymous_3)","decl":{"start":{"line":74,"column":38},"end":{"line":74,"column":42}},"loc":{"start":{"line":74,"column":76},"end":{"line":88,"column":5}}}},"branchMap":{"0":{"loc":{"start":{"line":23,"column":2},"end":{"line":98,"column":3}},"type":"if","locations":[{"start":{"line":23,"column":2},"end":{"line":98,"column":3}},{"start":{"line":23,"column":2},"end":{"line":98,"column":3}}]},"1":{"loc":{"start":{"line":43,"column":8},"end":{"line":61,"column":9}},"type":"if","locations":[{"start":{"line":43,"column":8},"end":{"line":61,"column":9}},{"start":{"line":43,"column":8},"end":{"line":61,"column":9}}]},"2":{"loc":{"start":{"line":48,"column":15},"end":{"line":61,"column":9}},"type":"if","locations":[{"start":{"line":48,"column":15},"end":{"line":61,"column":9}},{"start":{"line":48,"column":15},"end":{"line":61,"column":9}}]},"3":{"loc":{"start":{"line":58,"column":12},"end":{"line":58,"column":33}},"type":"binary-expr","locations":[{"start":{"line":58,"column":12},"end":{"line":58,"column":33}},{"start":{"line":58,"column":37},"end":{"line":58,"column":74}}]},"4":{"loc":{"start":{"line":59,"column":35},"end":{"line":59,"column":38}},"type":"cond-expr","locations":[{"start":{"line":59,"column":35},"end":{"line":59,"column":38}},{"start":{"line":59,"column":41},"end":{"line":59,"column":43}}]},"5":{"loc":{"start":{"line":60,"column":34},"end":{"line":60,"column":36}},"type":"cond-expr","locations":[{"start":{"line":60,"column":34},"end":{"line":60,"column":36}},{"start":{"line":60,"column":39},"end":{"line":60,"column":42}}]},"6":{"loc":{"start":{"line":78,"column":33},"end":{"line":78,"column":45}},"type":"cond-expr","locations":[{"start":{"line":78,"column":33},"end":{"line":78,"column":45}},{"start":{"line":78,"column":48},"end":{"line":78,"column":76}}]},"7":{"loc":{"start":{"line":85,"column":31},"end":{"line":85,"column":60}},"type":"cond-expr","locations":[{"start":{"line":85,"column":31},"end":{"line":85,"column":60}},{"start":{"line":85,"column":63},"end":{"line":85,"column":65}}]}},"s":{"0":5,"1":5,"2":14,"3":14,"4":14,"5":14,"6":31,"7":14,"8":14,"9":17,"10":7,"11":10,"12":10,"13":10,"14":10,"15":10,"16":31,"17":14,"18":14,"19":22,"20":22,"21":22,"22":14,"23":14,"24":14,"25":14,"26":14},"f":{"0":14,"1":14,"2":31,"3":22},"b":{"0":[14,0],"1":[14,17],"2":[7,10],"3":[10,9],"4":[8,2],"5":[8,2],"6":[0,22],"7":[2,20]}}
,"/Users/andrew/Documents/multibasebox/projects/undo-redo-vuex/src/undo.ts": {"path":"/Users/andrew/Documents/multibasebox/projects/undo-redo-vuex/src/undo.ts","statementMap":{"0":{"start":{"line":1,"column":0},"end":{"line":1,"column":41}},"1":{"start":{"line":2,"column":0},"end":{"line":7,"column":26}},"2":{"start":{"line":16,"column":0},"end":{"line":108,"column":2}},"3":{"start":{"line":22,"column":6},"end":{"line":108,"column":1}},"4":{"start":{"line":23,"column":17},"end":{"line":23,"column":44}},"5":{"start":{"line":25,"column":2},"end":{"line":107,"column":3}},"6":{"start":{"line":32,"column":30},"end":{"line":71,"column":5}},"7":{"start":{"line":45,"column":8},"end":{"line":62,"column":9}},"8":{"start":{"line":47,"column":10},"end":{"line":47,"column":24}},"9":{"start":{"line":49,"column":10},"end":{"line":49,"column":44}},"10":{"start":{"line":50,"column":15},"end":{"line":62,"column":9}},"11":{"start":{"line":52,"column":10},"end":{"line":52,"column":30}},"12":{"start":{"line":54,"column":29},"end":{"line":54,"column":56}},"13":{"start":{"line":55,"column":34},"end":{"line":55,"column":52}},"14":{"start":{"line":58,"column":10},"end":{"line":59,"column":75}},"15":{"start":{"line":60,"column":10},"end":{"line":60,"column":58}},"16":{"start":{"line":61,"column":10},"end":{"line":61,"column":52}},"17":{"start":{"line":64,"column":8},"end":{"line":64,"column":42}},"18":{"start":{"line":74,"column":26},"end":{"line":77,"column":7}},"19":{"start":{"line":74,"column":74},"end":{"line":77,"column":5}},"20":{"start":{"line":78,"column":4},"end":{"line":78,"column":44}},"21":{"start":{"line":80,"column":19},"end":{"line":80,"column":49}},"22":{"start":{"line":81,"column":4},"end":{"line":81,"column":31}},"23":{"start":{"line":82,"column":4},"end":{"line":82,"column":47}},"24":{"start":{"line":83,"column":26},"end":{"line":97,"column":6}},"25":{"start":{"line":84,"column":6},"end":{"line":89,"column":8}},"26":{"start":{"line":92,"column":31},"end":{"line":92,"column":47}},"27":{"start":{"line":93,"column":6},"end":{"line":96,"column":8}},"28":{"start":{"line":98,"column":4},"end":{"line":98,"column":63}},"29":{"start":{"line":99,"column":4},"end":{"line":99,"column":30}},"30":{"start":{"line":100,"column":4},"end":{"line":104,"column":7}},"31":{"start":{"line":106,"column":4},"end":{"line":106,"column":51}}},"fnMap":{"0":{"name":"(anonymous_0)","decl":{"start":{"line":16,"column":15},"end":{"line":16,"column":16}},"loc":{"start":{"line":22,"column":6},"end":{"line":108,"column":1}}},"1":{"name":"(anonymous_1)","decl":{"start":{"line":22,"column":6},"end":{"line":22,"column":10}},"loc":{"start":{"line":22,"column":34},"end":{"line":108,"column":1}}},"2":{"name":"(anonymous_2)","decl":{"start":{"line":33,"column":6},"end":{"line":34,"column":8}},"loc":{"start":{"line":44,"column":10},"end":{"line":65,"column":7}}},"3":{"name":"(anonymous_3)","decl":{"start":{"line":74,"column":38},"end":{"line":74,"column":39}},"loc":{"start":{"line":74,"column":74},"end":{"line":77,"column":5}}},"4":{"name":"(anonymous_4)","decl":{"start":{"line":83,"column":35},"end":{"line":83,"column":39}},"loc":{"start":{"line":83,"column":64},"end":{"line":97,"column":5}}}},"branchMap":{"0":{"loc":{"start":{"line":25,"column":2},"end":{"line":107,"column":3}},"type":"if","locations":[{"start":{"line":25,"column":2},"end":{"line":107,"column":3}},{"start":{"line":25,"column":2},"end":{"line":107,"column":3}}]},"1":{"loc":{"start":{"line":45,"column":8},"end":{"line":62,"column":9}},"type":"if","locations":[{"start":{"line":45,"column":8},"end":{"line":62,"column":9}},{"start":{"line":45,"column":8},"end":{"line":62,"column":9}}]},"2":{"loc":{"start":{"line":50,"column":15},"end":{"line":62,"column":9}},"type":"if","locations":[{"start":{"line":50,"column":15},"end":{"line":62,"column":9}},{"start":{"line":50,"column":15},"end":{"line":62,"column":9}}]},"3":{"loc":{"start":{"line":59,"column":12},"end":{"line":59,"column":33}},"type":"binary-expr","locations":[{"start":{"line":59,"column":12},"end":{"line":59,"column":33}},{"start":{"line":59,"column":37},"end":{"line":59,"column":74}}]},"4":{"loc":{"start":{"line":60,"column":35},"end":{"line":60,"column":38}},"type":"cond-expr","locations":[{"start":{"line":60,"column":35},"end":{"line":60,"column":38}},{"start":{"line":60,"column":41},"end":{"line":60,"column":43}}]},"5":{"loc":{"start":{"line":61,"column":32},"end":{"line":61,"column":34}},"type":"cond-expr","locations":[{"start":{"line":61,"column":32},"end":{"line":61,"column":34}},{"start":{"line":61,"column":37},"end":{"line":61,"column":40}}]},"6":{"loc":{"start":{"line":75,"column":37},"end":{"line":75,"column":74}},"type":"cond-expr","locations":[{"start":{"line":75,"column":37},"end":{"line":75,"column":74}},{"start":{"line":75,"column":77},"end":{"line":75,"column":79}}]},"7":{"loc":{"start":{"line":87,"column":12},"end":{"line":87,"column":33}},"type":"cond-expr","locations":[{"start":{"line":87,"column":12},"end":{"line":87,"column":33}},{"start":{"line":88,"column":12},"end":{"line":88,"column":58}}]},"8":{"loc":{"start":{"line":94,"column":31},"end":{"line":94,"column":60}},"type":"cond-expr","locations":[{"start":{"line":94,"column":31},"end":{"line":94,"column":60}},{"start":{"line":94,"column":63},"end":{"line":94,"column":65}}]}},"s":{"0":5,"1":5,"2":5,"3":15,"4":15,"5":15,"6":15,"7":51,"8":15,"9":15,"10":36,"11":20,"12":16,"13":16,"14":16,"15":16,"16":16,"17":51,"18":15,"19":24,"20":15,"21":15,"22":15,"23":15,"24":15,"25":27,"26":27,"27":27,"28":15,"29":15,"30":15,"31":15},"f":{"0":15,"1":15,"2":51,"3":24,"4":27},"b":{"0":[15,0],"1":[15,36],"2":[20,16],"3":[16,11],"4":[9,7],"5":[9,7],"6":[2,22],"7":[0,27],"8":[0,27]}}
,"/Users/andrew/Documents/multibasebox/projects/undo-redo-vuex/src/undoRedo.ts": {"path":"/Users/andrew/Documents/multibasebox/projects/undo-redo-vuex/src/undoRedo.ts","statementMap":{"0":{"start":{"line":2,"column":0},"end":{"line":2,"column":75}},"1":{"start":{"line":3,"column":0},"end":{"line":3,"column":75}},"2":{"start":{"line":4,"column":0},"end":{"line":4,"column":29}},"3":{"start":{"line":5,"column":0},"end":{"line":5,"column":29}},"4":{"start":{"line":9,"column":13},"end":{"line":9,"column":21}},"5":{"start":{"line":10,"column":13},"end":{"line":10,"column":25}},"6":{"start":{"line":11,"column":13},"end":{"line":11,"column":25}},"7":{"start":{"line":13,"column":13},"end":{"line":17,"column":3}},"8":{"start":{"line":13,"column":46},"end":{"line":17,"column":1}},"9":{"start":{"line":19,"column":13},"end":{"line":23,"column":3}},"10":{"start":{"line":19,"column":50},"end":{"line":23,"column":1}},"11":{"start":{"line":25,"column":13},"end":{"line":31,"column":3}},"12":{"start":{"line":25,"column":54},"end":{"line":31,"column":1}},"13":{"start":{"line":28,"column":4},"end":{"line":28,"column":71}},"14":{"start":{"line":28,"column":39},"end":{"line":28,"column":71}},"15":{"start":{"line":29,"column":4},"end":{"line":29,"column":71}},"16":{"start":{"line":29,"column":39},"end":{"line":29,"column":71}},"17":{"start":{"line":33,"column":13},"end":{"line":38,"column":3}},"18":{"start":{"line":33,"column":46},"end":{"line":38,"column":1}},"19":{"start":{"line":40,"column":25},"end":{"line":49,"column":2}},"20":{"start":{"line":43,"column":41},"end":{"line":49,"column":1}},"21":{"start":{"line":51,"column":27},"end":{"line":58,"column":2}},"22":{"start":{"line":54,"column":24},"end":{"line":58,"column":1}},"23":{"start":{"line":56,"column":21},"end":{"line":56,"column":47}},"24":{"start":{"line":60,"column":17},"end":{"line":68,"column":3}},"25":{"start":{"line":61,"column":2},"end":{"line":68,"column":3}},"26":{"start":{"line":62,"column":4},"end":{"line":67,"column":6}},"27":{"start":{"line":70,"column":16},"end":{"line":76,"column":1}},"28":{"start":{"line":70,"column":46},"end":{"line":76,"column":1}},"29":{"start":{"line":71,"column":17},"end":{"line":71,"column":44}},"30":{"start":{"line":72,"column":2},"end":{"line":74,"column":3}},"31":{"start":{"line":73,"column":4},"end":{"line":73,"column":36}},"32":{"start":{"line":75,"column":2},"end":{"line":75,"column":15}},"33":{"start":{"line":78,"column":16},"end":{"line":84,"column":1}},"34":{"start":{"line":78,"column":46},"end":{"line":84,"column":1}},"35":{"start":{"line":79,"column":17},"end":{"line":79,"column":44}},"36":{"start":{"line":80,"column":2},"end":{"line":82,"column":3}},"37":{"start":{"line":81,"column":4},"end":{"line":81,"column":34}},"38":{"start":{"line":83,"column":2},"end":{"line":83,"column":15}},"39":{"start":{"line":97,"column":0},"end":{"line":154,"column":2}},"40":{"start":{"line":97,"column":45},"end":{"line":154,"column":1}},"41":{"start":{"line":98,"column":16},"end":{"line":107,"column":7}},"42":{"start":{"line":109,"column":2},"end":{"line":134,"column":5}},"43":{"start":{"line":110,"column":30},"end":{"line":110,"column":65}},"44":{"start":{"line":111,"column":22},"end":{"line":113,"column":10}},"45":{"start":{"line":114,"column":19},"end":{"line":114,"column":46}},"46":{"start":{"line":116,"column":4},"end":{"line":133,"column":5}},"47":{"start":{"line":117,"column":53},"end":{"line":117,"column":59}},"48":{"start":{"line":119,"column":6},"end":{"line":132,"column":7}},"49":{"start":{"line":126,"column":8},"end":{"line":126,"column":28}},"50":{"start":{"line":127,"column":8},"end":{"line":130,"column":11}},"51":{"start":{"line":131,"column":8},"end":{"line":131,"column":55}},"52":{"start":{"line":137,"column":2},"end":{"line":153,"column":5}},"53":{"start":{"line":138,"column":30},"end":{"line":138,"column":63}},"54":{"start":{"line":139,"column":22},"end":{"line":139,"column":78}},"55":{"start":{"line":141,"column":4},"end":{"line":152,"column":5}},"56":{"start":{"line":143,"column":8},"end":{"line":144,"column":54}},"57":{"start":{"line":144,"column":10},"end":{"line":144,"column":54}},"58":{"start":{"line":145,"column":8},"end":{"line":145,"column":14}},"59":{"start":{"line":147,"column":8},"end":{"line":148,"column":54}},"60":{"start":{"line":148,"column":10},"end":{"line":148,"column":54}},"61":{"start":{"line":149,"column":8},"end":{"line":149,"column":14}},"62":{"start":{"line":151,"column":8},"end":{"line":151,"column":14}}},"fnMap":{"0":{"name":"(anonymous_0)","decl":{"start":{"line":9,"column":13},"end":{"line":9,"column":15}},"loc":{"start":{"line":9,"column":18},"end":{"line":9,"column":21}}},"1":{"name":"(anonymous_1)","decl":{"start":{"line":13,"column":29},"end":{"line":13,"column":30}},"loc":{"start":{"line":13,"column":46},"end":{"line":17,"column":1}}},"2":{"name":"(anonymous_2)","decl":{"start":{"line":19,"column":31},"end":{"line":19,"column":32}},"loc":{"start":{"line":19,"column":50},"end":{"line":23,"column":1}}},"3":{"name":"(anonymous_3)","decl":{"start":{"line":25,"column":33},"end":{"line":25,"column":34}},"loc":{"start":{"line":25,"column":54},"end":{"line":31,"column":1}}},"4":{"name":"(anonymous_4)","decl":{"start":{"line":27,"column":21},"end":{"line":27,"column":22}},"loc":{"start":{"line":27,"column":50},"end":{"line":30,"column":3}}},"5":{"name":"(anonymous_5)","decl":{"start":{"line":33,"column":29},"end":{"line":33,"column":30}},"loc":{"start":{"line":33,"column":46},"end":{"line":38,"column":1}}},"6":{"name":"(anonymous_6)","decl":{"start":{"line":40,"column":25},"end":{"line":40,"column":26}},"loc":{"start":{"line":43,"column":41},"end":{"line":49,"column":1}}},"7":{"name":"(anonymous_7)","decl":{"start":{"line":51,"column":27},"end":{"line":51,"column":28}},"loc":{"start":{"line":54,"column":24},"end":{"line":58,"column":1}}},"8":{"name":"(anonymous_8)","decl":{"start":{"line":56,"column":9},"end":{"line":56,"column":16}},"loc":{"start":{"line":56,"column":21},"end":{"line":56,"column":47}}},"9":{"name":"(anonymous_9)","decl":{"start":{"line":60,"column":17},"end":{"line":60,"column":18}},"loc":{"start":{"line":61,"column":2},"end":{"line":68,"column":3}}},"10":{"name":"(anonymous_10)","decl":{"start":{"line":61,"column":12},"end":{"line":61,"column":13}},"loc":{"start":{"line":62,"column":4},"end":{"line":67,"column":6}}},"11":{"name":"(anonymous_11)","decl":{"start":{"line":70,"column":16},"end":{"line":70,"column":17}},"loc":{"start":{"line":70,"column":46},"end":{"line":76,"column":1}}},"12":{"name":"(anonymous_12)","decl":{"start":{"line":70,"column":46},"end":{"line":70,"column":47}},"loc":{"start":{"line":70,"column":68},"end":{"line":76,"column":1}}},"13":{"name":"(anonymous_13)","decl":{"start":{"line":78,"column":16},"end":{"line":78,"column":17}},"loc":{"start":{"line":78,"column":46},"end":{"line":84,"column":1}}},"14":{"name":"(anonymous_14)","decl":{"start":{"line":78,"column":46},"end":{"line":78,"column":47}},"loc":{"start":{"line":78,"column":68},"end":{"line":84,"column":1}}},"15":{"name":"(anonymous_15)","decl":{"start":{"line":97,"column":15},"end":{"line":97,"column":16}},"loc":{"start":{"line":97,"column":45},"end":{"line":154,"column":1}}},"16":{"name":"(anonymous_16)","decl":{"start":{"line":97,"column":45},"end":{"line":97,"column":46}},"loc":{"start":{"line":97,"column":60},"end":{"line":154,"column":1}}},"17":{"name":"(anonymous_17)","decl":{"start":{"line":109,"column":18},"end":{"line":109,"column":19}},"loc":{"start":{"line":109,"column":41},"end":{"line":134,"column":3}}},"18":{"name":"(anonymous_18)","decl":{"start":{"line":137,"column":24},"end":{"line":137,"column":28}},"loc":{"start":{"line":137,"column":49},"end":{"line":153,"column":3}}}},"branchMap":{"0":{"loc":{"start":{"line":28,"column":4},"end":{"line":28,"column":71}},"type":"if","locations":[{"start":{"line":28,"column":4},"end":{"line":28,"column":71}},{"start":{"line":28,"column":4},"end":{"line":28,"column":71}}]},"1":{"loc":{"start":{"line":29,"column":4},"end":{"line":29,"column":71}},"type":"if","locations":[{"start":{"line":29,"column":4},"end":{"line":29,"column":71}},{"start":{"line":29,"column":4},"end":{"line":29,"column":71}}]},"2":{"loc":{"start":{"line":35,"column":23},"end":{"line":35,"column":34}},"type":"binary-expr","locations":[{"start":{"line":35,"column":23},"end":{"line":35,"column":34}},{"start":{"line":35,"column":38},"end":{"line":35,"column":40}}]},"3":{"loc":{"start":{"line":36,"column":27},"end":{"line":36,"column":40}},"type":"binary-expr","locations":[{"start":{"line":36,"column":27},"end":{"line":36,"column":40}},{"start":{"line":36,"column":44},"end":{"line":36,"column":46}}]},"4":{"loc":{"start":{"line":37,"column":31},"end":{"line":37,"column":46}},"type":"binary-expr","locations":[{"start":{"line":37,"column":31},"end":{"line":37,"column":46}},{"start":{"line":37,"column":50},"end":{"line":37,"column":52}}]},"5":{"loc":{"start":{"line":41,"column":14},"end":{"line":41,"column":16}},"type":"default-arg","locations":[{"start":{"line":41,"column":14},"end":{"line":41,"column":16}}]},"6":{"loc":{"start":{"line":42,"column":20},"end":{"line":42,"column":22}},"type":"default-arg","locations":[{"start":{"line":42,"column":20},"end":{"line":42,"column":22}}]},"7":{"loc":{"start":{"line":55,"column":20},"end":{"line":55,"column":35}},"type":"binary-expr","locations":[{"start":{"line":55,"column":20},"end":{"line":55,"column":35}},{"start":{"line":55,"column":39},"end":{"line":55,"column":41}}]},"8":{"loc":{"start":{"line":65,"column":10},"end":{"line":65,"column":60}},"type":"cond-expr","locations":[{"start":{"line":65,"column":10},"end":{"line":65,"column":60}},{"start":{"line":66,"column":10},"end":{"line":66,"column":12}}]},"9":{"loc":{"start":{"line":72,"column":2},"end":{"line":74,"column":3}},"type":"if","locations":[{"start":{"line":72,"column":2},"end":{"line":74,"column":3}},{"start":{"line":72,"column":2},"end":{"line":74,"column":3}}]},"10":{"loc":{"start":{"line":80,"column":2},"end":{"line":82,"column":3}},"type":"if","locations":[{"start":{"line":80,"column":2},"end":{"line":82,"column":3}},{"start":{"line":80,"column":2},"end":{"line":82,"column":3}}]},"11":{"loc":{"start":{"line":99,"column":6},"end":{"line":99,"column":29}},"type":"cond-expr","locations":[{"start":{"line":99,"column":6},"end":{"line":99,"column":29}},{"start":{"line":100,"column":6},"end":{"line":107,"column":7}}]},"12":{"loc":{"start":{"line":103,"column":16},"end":{"line":103,"column":39}},"type":"binary-expr","locations":[{"start":{"line":103,"column":16},"end":{"line":103,"column":39}},{"start":{"line":103,"column":43},"end":{"line":103,"column":45}}]},"13":{"loc":{"start":{"line":112,"column":8},"end":{"line":112,"column":41}},"type":"cond-expr","locations":[{"start":{"line":112,"column":8},"end":{"line":112,"column":41}},{"start":{"line":113,"column":8},"end":{"line":113,"column":10}}]},"14":{"loc":{"start":{"line":116,"column":4},"end":{"line":133,"column":5}},"type":"if","locations":[{"start":{"line":116,"column":4},"end":{"line":133,"column":5}},{"start":{"line":116,"column":4},"end":{"line":133,"column":5}}]},"15":{"loc":{"start":{"line":119,"column":6},"end":{"line":132,"column":7}},"type":"if","locations":[{"start":{"line":119,"column":6},"end":{"line":132,"column":7}},{"start":{"line":119,"column":6},"end":{"line":132,"column":7}}]},"16":{"loc":{"start":{"line":120,"column":8},"end":{"line":120,"column":54}},"type":"binary-expr","locations":[{"start":{"line":120,"column":8},"end":{"line":120,"column":54}},{"start":{"line":121,"column":8},"end":{"line":121,"column":63}},{"start":{"line":122,"column":8},"end":{"line":122,"column":53}},{"start":{"line":123,"column":8},"end":{"line":123,"column":41}},{"start":{"line":124,"column":8},"end":{"line":124,"column":19}}]},"17":{"loc":{"start":{"line":139,"column":42},"end":{"line":139,"column":73}},"type":"cond-expr","locations":[{"start":{"line":139,"column":42},"end":{"line":139,"column":73}},{"start":{"line":139,"column":76},"end":{"line":139,"column":78}}]},"18":{"loc":{"start":{"line":142,"column":6},"end":{"line":145,"column":14}},"type":"switch","locations":[{"start":{"line":142,"column":6},"end":{"line":145,"column":14}},{"start":{"line":146,"column":6},"end":{"line":149,"column":14}},{"start":{"line":150,"column":6},"end":{"line":151,"column":14}}]},"19":{"loc":{"start":{"line":143,"column":8},"end":{"line":144,"column":54}},"type":"if","locations":[{"start":{"line":143,"column":8},"end":{"line":144,"column":54}},{"start":{"line":143,"column":8},"end":{"line":144,"column":54}}]},"20":{"loc":{"start":{"line":147,"column":8},"end":{"line":148,"column":54}},"type":"if","locations":[{"start":{"line":147,"column":8},"end":{"line":148,"column":54}},{"start":{"line":147,"column":8},"end":{"line":148,"column":54}}]}},"s":{"0":5,"1":5,"2":5,"3":5,"4":5,"5":5,"6":5,"7":5,"8":5,"9":5,"10":5,"11":5,"12":5,"13":104,"14":52,"15":104,"16":52,"17":5,"18":5,"19":5,"20":5,"21":5,"22":1,"23":2,"24":5,"25":1,"26":1,"27":5,"28":15,"29":15,"30":15,"31":15,"32":0,"33":5,"34":15,"35":15,"36":15,"37":15,"38":0,"39":5,"40":5,"41":5,"42":5,"43":195,"44":195,"45":195,"46":195,"47":195,"48":195,"49":23,"50":23,"51":23,"52":5,"53":34,"54":34,"55":34,"56":15,"57":14,"58":15,"59":15,"60":15,"61":15,"62":4},"f":{"0":30,"1":5,"2":5,"3":5,"4":104,"5":5,"6":5,"7":1,"8":2,"9":1,"10":1,"11":15,"12":15,"13":15,"14":15,"15":5,"16":5,"17":195,"18":34},"b":{"0":[52,52],"1":[52,52],"2":[5,0],"3":[5,0],"4":[5,0],"5":[4],"6":[0],"7":[1,0],"8":[1,0],"9":[15,0],"10":[15,0],"11":[1,4],"12":[4,0],"13":[37,158],"14":[195,0],"15":[23,172],"16":[195,180,76,72,72],"17":[8,26],"18":[15,15,4],"19":[14,1],"20":[15,0]}}
,"/Users/andrew/Documents/multibasebox/projects/undo-redo-vuex/src/utils-undo-redo.ts": {"path":"/Users/andrew/Documents/multibasebox/projects/undo-redo-vuex/src/utils-undo-redo.ts","statementMap":{"0":{"start":{"line":1,"column":0},"end":{"line":1,"column":50}},"1":{"start":{"line":12,"column":13},"end":{"line":14,"column":68}},"2":{"start":{"line":12,"column":78},"end":{"line":14,"column":67}},"3":{"start":{"line":14,"column":13},"end":{"line":14,"column":67}},"4":{"start":{"line":14,"column":32},"end":{"line":14,"column":60}},"5":{"start":{"line":26,"column":13},"end":{"line":33,"column":6}},"6":{"start":{"line":26,"column":43},"end":{"line":33,"column":5}},"7":{"start":{"line":27,"column":2},"end":{"line":33,"column":5}},"8":{"start":{"line":28,"column":28},"end":{"line":28,"column":36}},"9":{"start":{"line":31,"column":8},"end":{"line":31,"column":59}},"10":{"start":{"line":31,"column":27},"end":{"line":31,"column":58}},"11":{"start":{"line":44,"column":13},"end":{"line":49,"column":2}},"12":{"start":{"line":45,"column":2},"end":{"line":48,"column":4}},"13":{"start":{"line":46,"column":22},"end":{"line":46,"column":75}},"14":{"start":{"line":46,"column":46},"end":{"line":46,"column":74}},"15":{"start":{"line":47,"column":4},"end":{"line":47,"column":39}},"16":{"start":{"line":51,"column":16},"end":{"line":57,"column":1}},"17":{"start":{"line":51,"column":46},"end":{"line":57,"column":1}},"18":{"start":{"line":52,"column":17},"end":{"line":52,"column":44}},"19":{"start":{"line":53,"column":2},"end":{"line":55,"column":3}},"20":{"start":{"line":54,"column":4},"end":{"line":54,"column":36}},"21":{"start":{"line":56,"column":2},"end":{"line":56,"column":15}},"22":{"start":{"line":59,"column":16},"end":{"line":65,"column":1}},"23":{"start":{"line":59,"column":46},"end":{"line":65,"column":1}},"24":{"start":{"line":60,"column":17},"end":{"line":60,"column":44}},"25":{"start":{"line":61,"column":2},"end":{"line":63,"column":3}},"26":{"start":{"line":62,"column":4},"end":{"line":62,"column":34}},"27":{"start":{"line":64,"column":2},"end":{"line":64,"column":15}},"28":{"start":{"line":67,"column":13},"end":{"line":83,"column":2}},"29":{"start":{"line":73,"column":6},"end":{"line":83,"column":1}},"30":{"start":{"line":74,"column":22},"end":{"line":74,"column":47}},"31":{"start":{"line":75,"column":22},"end":{"line":75,"column":47}},"32":{"start":{"line":77,"column":2},"end":{"line":79,"column":5}},"33":{"start":{"line":80,"column":2},"end":{"line":82,"column":5}}},"fnMap":{"0":{"name":"(anonymous_0)","decl":{"start":{"line":12,"column":48},"end":{"line":12,"column":49}},"loc":{"start":{"line":12,"column":78},"end":{"line":14,"column":67}}},"1":{"name":"(anonymous_1)","decl":{"start":{"line":12,"column":78},"end":{"line":13,"column":2}},"loc":{"start":{"line":14,"column":13},"end":{"line":14,"column":67}}},"2":{"name":"(anonymous_2)","decl":{"start":{"line":14,"column":24},"end":{"line":14,"column":27}},"loc":{"start":{"line":14,"column":32},"end":{"line":14,"column":60}}},"3":{"name":"(anonymous_3)","decl":{"start":{"line":26,"column":27},"end":{"line":26,"column":28}},"loc":{"start":{"line":26,"column":43},"end":{"line":33,"column":5}}},"4":{"name":"(anonymous_4)","decl":{"start":{"line":26,"column":43},"end":{"line":26,"column":44}},"loc":{"start":{"line":27,"column":2},"end":{"line":33,"column":5}}},"5":{"name":"(anonymous_5)","decl":{"start":{"line":28,"column":12},"end":{"line":28,"column":13}},"loc":{"start":{"line":28,"column":28},"end":{"line":28,"column":36}}},"6":{"name":"(anonymous_6)","decl":{"start":{"line":30,"column":6},"end":{"line":30,"column":7}},"loc":{"start":{"line":31,"column":8},"end":{"line":31,"column":59}}},"7":{"name":"(anonymous_7)","decl":{"start":{"line":31,"column":21},"end":{"line":31,"column":23}},"loc":{"start":{"line":31,"column":27},"end":{"line":31,"column":58}}},"8":{"name":"(anonymous_8)","decl":{"start":{"line":44,"column":25},"end":{"line":44,"column":26}},"loc":{"start":{"line":44,"column":54},"end":{"line":49,"column":1}}},"9":{"name":"(anonymous_9)","decl":{"start":{"line":45,"column":9},"end":{"line":45,"column":10}},"loc":{"start":{"line":45,"column":44},"end":{"line":48,"column":3}}},"10":{"name":"(anonymous_10)","decl":{"start":{"line":46,"column":38},"end":{"line":46,"column":41}},"loc":{"start":{"line":46,"column":46},"end":{"line":46,"column":74}}},"11":{"name":"(anonymous_11)","decl":{"start":{"line":51,"column":16},"end":{"line":51,"column":17}},"loc":{"start":{"line":51,"column":46},"end":{"line":57,"column":1}}},"12":{"name":"(anonymous_12)","decl":{"start":{"line":51,"column":46},"end":{"line":51,"column":47}},"loc":{"start":{"line":51,"column":68},"end":{"line":57,"column":1}}},"13":{"name":"(anonymous_13)","decl":{"start":{"line":59,"column":16},"end":{"line":59,"column":17}},"loc":{"start":{"line":59,"column":46},"end":{"line":65,"column":1}}},"14":{"name":"(anonymous_14)","decl":{"start":{"line":59,"column":46},"end":{"line":59,"column":47}},"loc":{"start":{"line":59,"column":68},"end":{"line":65,"column":1}}},"15":{"name":"(anonymous_15)","decl":{"start":{"line":67,"column":33},"end":{"line":67,"column":34}},"loc":{"start":{"line":73,"column":6},"end":{"line":83,"column":1}}},"16":{"name":"(anonymous_16)","decl":{"start":{"line":73,"column":6},"end":{"line":73,"column":7}},"loc":{"start":{"line":73,"column":28},"end":{"line":83,"column":1}}}},"branchMap":{"0":{"loc":{"start":{"line":14,"column":13},"end":{"line":14,"column":61}},"type":"binary-expr","locations":[{"start":{"line":14,"column":13},"end":{"line":14,"column":61}},{"start":{"line":14,"column":65},"end":{"line":14,"column":67}}]},"1":{"loc":{"start":{"line":53,"column":2},"end":{"line":55,"column":3}},"type":"if","locations":[{"start":{"line":53,"column":2},"end":{"line":55,"column":3}},{"start":{"line":53,"column":2},"end":{"line":55,"column":3}}]},"2":{"loc":{"start":{"line":61,"column":2},"end":{"line":63,"column":3}},"type":"if","locations":[{"start":{"line":61,"column":2},"end":{"line":63,"column":3}},{"start":{"line":61,"column":2},"end":{"line":63,"column":3}}]}},"s":{"0":5,"1":5,"2":358,"3":358,"4":358,"5":5,"6":44,"7":44,"8":73,"9":4,"10":4,"11":5,"12":52,"13":52,"14":52,"15":52,"16":5,"17":52,"18":52,"19":52,"20":52,"21":0,"22":5,"23":52,"24":52,"25":52,"26":52,"27":0,"28":5,"29":52,"30":52,"31":52,"32":52,"33":52},"f":{"0":358,"1":358,"2":358,"3":44,"4":44,"5":73,"6":4,"7":4,"8":52,"9":52,"10":52,"11":52,"12":52,"13":52,"14":52,"15":52,"16":52},"b":{"0":[358,0],"1":[52,0],"2":[52,0]}}
,"/Users/andrew/Documents/multibasebox/projects/undo-redo-vuex/tests/store/index.ts": {"path":"/Users/andrew/Documents/multibasebox/projects/undo-redo-vuex/tests/store/index.ts","statementMap":{"0":{"start":{"line":1,"column":0},"end":{"line":1,"column":23}},"1":{"start":{"line":2,"column":0},"end":{"line":2,"column":21}},"2":{"start":{"line":3,"column":0},"end":{"line":3,"column":33}},"3":{"start":{"line":4,"column":0},"end":{"line":4,"column":33}},"4":{"start":{"line":5,"column":0},"end":{"line":5,"column":41}},"5":{"start":{"line":7,"column":0},"end":{"line":7,"column":14}},"6":{"start":{"line":9,"column":14},"end":{"line":9,"column":51}},"7":{"start":{"line":11,"column":13},"end":{"line":27,"column":2}},"8":{"start":{"line":29,"column":0},"end":{"line":32,"column":3}}},"fnMap":{},"branchMap":{},"s":{"0":1,"1":1,"2":1,"3":1,"4":1,"5":1,"6":1,"7":1,"8":1},"f":{},"b":{}}
,"/Users/andrew/Documents/multibasebox/projects/undo-redo-vuex/tests/store-non-namespaced/index.ts": {"path":"/Users/andrew/Documents/multibasebox/projects/undo-redo-vuex/tests/store-non-namespaced/index.ts","statementMap":{"0":{"start":{"line":3,"column":0},"end":{"line":3,"column":23}},"1":{"start":{"line":4,"column":0},"end":{"line":4,"column":21}},"2":{"start":{"line":5,"column":0},"end":{"line":5,"column":39}},"3":{"start":{"line":6,"column":0},"end":{"line":6,"column":52}},"4":{"start":{"line":8,"column":0},"end":{"line":8,"column":14}},"5":{"start":{"line":10,"column":14},"end":{"line":10,"column":51}},"6":{"start":{"line":30,"column":21},"end":{"line":33,"column":1}},"7":{"start":{"line":35,"column":16},"end":{"line":40,"column":1}},"8":{"start":{"line":36,"column":32},"end":{"line":36,"column":36}},"9":{"start":{"line":37,"column":29},"end":{"line":38,"column":44}},"10":{"start":{"line":38,"column":4},"end":{"line":38,"column":44}},"11":{"start":{"line":38,"column":25},"end":{"line":38,"column":43}},"12":{"start":{"line":39,"column":36},"end":{"line":39,"column":42}},"13":{"start":{"line":42,"column":16},"end":{"line":50,"column":1}},"14":{"start":{"line":45,"column":4},"end":{"line":45,"column":34}},"15":{"start":{"line":48,"column":4},"end":{"line":48,"column":38}},"16":{"start":{"line":52,"column":18},"end":{"line":71,"column":1}},"17":{"start":{"line":54,"column":4},"end":{"line":54,"column":20}},"18":{"start":{"line":57,"column":4},"end":{"line":57,"column":39}},"19":{"start":{"line":60,"column":4},"end":{"line":60,"column":38}},"20":{"start":{"line":63,"column":4},"end":{"line":63,"column":32}},"21":{"start":{"line":66,"column":4},"end":{"line":66,"column":43}},"22":{"start":{"line":69,"column":4},"end":{"line":69,"column":34}},"23":{"start":{"line":73,"column":0},"end":{"line":86,"column":2}}},"fnMap":{"0":{"name":"(anonymous_0)","decl":{"start":{"line":36,"column":11},"end":{"line":36,"column":12}},"loc":{"start":{"line":36,"column":32},"end":{"line":36,"column":36}}},"1":{"name":"(anonymous_1)","decl":{"start":{"line":37,"column":11},"end":{"line":37,"column":12}},"loc":{"start":{"line":37,"column":29},"end":{"line":38,"column":44}}},"2":{"name":"(anonymous_2)","decl":{"start":{"line":37,"column":29},"end":{"line":37,"column":30}},"loc":{"start":{"line":38,"column":4},"end":{"line":38,"column":44}}},"3":{"name":"(anonymous_3)","decl":{"start":{"line":38,"column":20},"end":{"line":38,"column":21}},"loc":{"start":{"line":38,"column":25},"end":{"line":38,"column":43}}},"4":{"name":"(anonymous_4)","decl":{"start":{"line":39,"column":13},"end":{"line":39,"column":14}},"loc":{"start":{"line":39,"column":36},"end":{"line":39,"column":42}}},"5":{"name":"(anonymous_5)","decl":{"start":{"line":53,"column":14},"end":{"line":53,"column":15}},"loc":{"start":{"line":53,"column":31},"end":{"line":55,"column":3}}},"6":{"name":"(anonymous_6)","decl":{"start":{"line":56,"column":11},"end":{"line":56,"column":12}},"loc":{"start":{"line":56,"column":47},"end":{"line":58,"column":3}}},"7":{"name":"(anonymous_7)","decl":{"start":{"line":59,"column":14},"end":{"line":59,"column":15}},"loc":{"start":{"line":59,"column":57},"end":{"line":61,"column":3}}},"8":{"name":"(anonymous_8)","decl":{"start":{"line":62,"column":14},"end":{"line":62,"column":15}},"loc":{"start":{"line":62,"column":51},"end":{"line":64,"column":3}}},"9":{"name":"(anonymous_9)","decl":{"start":{"line":65,"column":13},"end":{"line":65,"column":14}},"loc":{"start":{"line":65,"column":49},"end":{"line":67,"column":3}}},"10":{"name":"(anonymous_10)","decl":{"start":{"line":68,"column":16},"end":{"line":68,"column":17}},"loc":{"start":{"line":68,"column":53},"end":{"line":70,"column":3}}}},"branchMap":{},"s":{"0":4,"1":4,"2":4,"3":4,"4":4,"5":4,"6":4,"7":4,"8":0,"9":0,"10":0,"11":0,"12":0,"13":4,"14":1,"15":1,"16":4,"17":12,"18":60,"19":0,"20":0,"21":1,"22":1,"23":4},"f":{"0":0,"1":0,"2":0,"3":0,"4":0,"5":12,"6":60,"7":0,"8":0,"9":1,"10":1},"b":{}}
,"/Users/andrew/Documents/multibasebox/projects/undo-redo-vuex/tests/store/modules/auth.ts": {"path":"/Users/andrew/Documents/multibasebox/projects/undo-redo-vuex/tests/store/modules/auth.ts","statementMap":{"0":{"start":{"line":1,"column":14},"end":{"line":1,"column":51}},"1":{"start":{"line":3,"column":14},"end":{"line":6,"column":1}},"2":{"start":{"line":8,"column":22},"end":{"line":8,"column":64}},"3":{"start":{"line":8,"column":41},"end":{"line":8,"column":64}},"4":{"start":{"line":10,"column":16},"end":{"line":12,"column":1}},"5":{"start":{"line":11,"column":35},"end":{"line":11,"column":61}},"6":{"start":{"line":14,"column":17},"end":{"line":19,"column":4}},"7":{"start":{"line":15,"column":2},"end":{"line":19,"column":4}},"8":{"start":{"line":16,"column":4},"end":{"line":18,"column":12}},"9":{"start":{"line":17,"column":6},"end":{"line":17,"column":40}},"10":{"start":{"line":20,"column":18},"end":{"line":25,"column":4}},"11":{"start":{"line":21,"column":2},"end":{"line":25,"column":4}},"12":{"start":{"line":22,"column":4},"end":{"line":24,"column":12}},"13":{"start":{"line":23,"column":6},"end":{"line":23,"column":16}},"14":{"start":{"line":27,"column":16},"end":{"line":49,"column":1}},"15":{"start":{"line":29,"column":4},"end":{"line":37,"column":5}},"16":{"start":{"line":30,"column":6},"end":{"line":30,"column":33}},"17":{"start":{"line":31,"column":24},"end":{"line":31,"column":40}},"18":{"start":{"line":32,"column":6},"end":{"line":32,"column":27}},"19":{"start":{"line":33,"column":6},"end":{"line":33,"column":44}},"20":{"start":{"line":35,"column":6},"end":{"line":35,"column":23}},"21":{"start":{"line":36,"column":6},"end":{"line":36,"column":31}},"22":{"start":{"line":40,"column":4},"end":{"line":47,"column":5}},"23":{"start":{"line":41,"column":6},"end":{"line":41,"column":33}},"24":{"start":{"line":42,"column":6},"end":{"line":42,"column":24}},"25":{"start":{"line":43,"column":6},"end":{"line":43,"column":35}},"26":{"start":{"line":45,"column":6},"end":{"line":45,"column":23}},"27":{"start":{"line":46,"column":6},"end":{"line":46,"column":31}},"28":{"start":{"line":51,"column":18},"end":{"line":74,"column":1}},"29":{"start":{"line":53,"column":4},"end":{"line":53,"column":29}},"30":{"start":{"line":57,"column":4},"end":{"line":57,"column":29}},"31":{"start":{"line":58,"column":4},"end":{"line":58,"column":24}},"32":{"start":{"line":62,"column":4},"end":{"line":62,"column":24}},"33":{"start":{"line":66,"column":4},"end":{"line":66,"column":27}},"34":{"start":{"line":67,"column":4},"end":{"line":67,"column":21}},"35":{"start":{"line":71,"column":4},"end":{"line":71,"column":29}},"36":{"start":{"line":72,"column":4},"end":{"line":72,"column":21}},"37":{"start":{"line":76,"column":0},"end":{"line":83,"column":2}}},"fnMap":{"0":{"name":"(anonymous_0)","decl":{"start":{"line":8,"column":22},"end":{"line":8,"column":23}},"loc":{"start":{"line":8,"column":41},"end":{"line":8,"column":64}}},"1":{"name":"(anonymous_1)","decl":{"start":{"line":11,"column":19},"end":{"line":11,"column":20}},"loc":{"start":{"line":11,"column":35},"end":{"line":11,"column":61}}},"2":{"name":"(anonymous_2)","decl":{"start":{"line":14,"column":17},"end":{"line":14,"column":47}},"loc":{"start":{"line":15,"column":2},"end":{"line":19,"column":4}}},"3":{"name":"(anonymous_3)","decl":{"start":{"line":15,"column":14},"end":{"line":15,"column":20}},"loc":{"start":{"line":15,"column":24},"end":{"line":19,"column":3}}},"4":{"name":"(anonymous_4)","decl":{"start":{"line":16,"column":15},"end":{"line":16,"column":17}},"loc":{"start":{"line":16,"column":20},"end":{"line":18,"column":5}}},"5":{"name":"(anonymous_5)","decl":{"start":{"line":20,"column":18},"end":{"line":20,"column":20}},"loc":{"start":{"line":21,"column":2},"end":{"line":25,"column":4}}},"6":{"name":"(anonymous_6)","decl":{"start":{"line":21,"column":14},"end":{"line":21,"column":20}},"loc":{"start":{"line":21,"column":24},"end":{"line":25,"column":3}}},"7":{"name":"(anonymous_7)","decl":{"start":{"line":22,"column":15},"end":{"line":22,"column":17}},"loc":{"start":{"line":22,"column":20},"end":{"line":24,"column":5}}}},"branchMap":{},"s":{"0":1,"1":1,"2":1,"3":0,"4":1,"5":0,"6":1,"7":0,"8":0,"9":0,"10":1,"11":0,"12":0,"13":0,"14":1,"15":0,"16":0,"17":0,"18":0,"19":0,"20":0,"21":0,"22":0,"23":0,"24":0,"25":0,"26":0,"27":0,"28":1,"29":0,"30":0,"31":0,"32":0,"33":0,"34":0,"35":0,"36":0,"37":1},"f":{"0":0,"1":0,"2":0,"3":0,"4":0,"5":0,"6":0,"7":0},"b":{}}
,"/Users/andrew/Documents/multibasebox/projects/undo-redo-vuex/tests/store/modules/list.ts": {"path":"/Users/andrew/Documents/multibasebox/projects/undo-redo-vuex/tests/store/modules/list.ts","statementMap":{"0":{"start":{"line":2,"column":0},"end":{"line":2,"column":39}},"1":{"start":{"line":3,"column":0},"end":{"line":3,"column":53}},"2":{"start":{"line":5,"column":14},"end":{"line":5,"column":51}},"3":{"start":{"line":7,"column":14},"end":{"line":10,"column":1}},"4":{"start":{"line":12,"column":16},"end":{"line":17,"column":1}},"5":{"start":{"line":13,"column":47},"end":{"line":13,"column":51}},"6":{"start":{"line":14,"column":27},"end":{"line":15,"column":51}},"7":{"start":{"line":15,"column":4},"end":{"line":15,"column":51}},"8":{"start":{"line":15,"column":32},"end":{"line":15,"column":50}},"9":{"start":{"line":16,"column":53},"end":{"line":16,"column":59}},"10":{"start":{"line":32,"column":16},"end":{"line":40,"column":1}},"11":{"start":{"line":35,"column":4},"end":{"line":35,"column":34}},"12":{"start":{"line":38,"column":4},"end":{"line":38,"column":38}},"13":{"start":{"line":42,"column":13},"end":{"line":61,"column":2}},"14":{"start":{"line":44,"column":4},"end":{"line":44,"column":20}},"15":{"start":{"line":47,"column":4},"end":{"line":47,"column":39}},"16":{"start":{"line":50,"column":4},"end":{"line":50,"column":38}},"17":{"start":{"line":53,"column":4},"end":{"line":53,"column":32}},"18":{"start":{"line":56,"column":4},"end":{"line":56,"column":43}},"19":{"start":{"line":59,"column":4},"end":{"line":59,"column":34}},"20":{"start":{"line":63,"column":0},"end":{"line":70,"column":3}}},"fnMap":{"0":{"name":"(anonymous_0)","decl":{"start":{"line":13,"column":11},"end":{"line":13,"column":12}},"loc":{"start":{"line":13,"column":47},"end":{"line":13,"column":51}}},"1":{"name":"(anonymous_1)","decl":{"start":{"line":14,"column":11},"end":{"line":14,"column":12}},"loc":{"start":{"line":14,"column":27},"end":{"line":15,"column":51}}},"2":{"name":"(anonymous_2)","decl":{"start":{"line":14,"column":27},"end":{"line":14,"column":28}},"loc":{"start":{"line":15,"column":4},"end":{"line":15,"column":51}}},"3":{"name":"(anonymous_3)","decl":{"start":{"line":15,"column":20},"end":{"line":15,"column":21}},"loc":{"start":{"line":15,"column":32},"end":{"line":15,"column":50}}},"4":{"name":"(anonymous_4)","decl":{"start":{"line":16,"column":13},"end":{"line":16,"column":14}},"loc":{"start":{"line":16,"column":53},"end":{"line":16,"column":59}}},"5":{"name":"(anonymous_5)","decl":{"start":{"line":43,"column":14},"end":{"line":43,"column":15}},"loc":{"start":{"line":43,"column":29},"end":{"line":45,"column":3}}},"6":{"name":"(anonymous_6)","decl":{"start":{"line":46,"column":11},"end":{"line":46,"column":12}},"loc":{"start":{"line":46,"column":51},"end":{"line":48,"column":3}}},"7":{"name":"(anonymous_7)","decl":{"start":{"line":49,"column":14},"end":{"line":49,"column":15}},"loc":{"start":{"line":49,"column":55},"end":{"line":51,"column":3}}},"8":{"name":"(anonymous_8)","decl":{"start":{"line":52,"column":14},"end":{"line":52,"column":15}},"loc":{"start":{"line":52,"column":49},"end":{"line":54,"column":3}}},"9":{"name":"(anonymous_9)","decl":{"start":{"line":55,"column":13},"end":{"line":55,"column":14}},"loc":{"start":{"line":55,"column":47},"end":{"line":57,"column":3}}},"10":{"name":"(anonymous_10)","decl":{"start":{"line":58,"column":16},"end":{"line":58,"column":17}},"loc":{"start":{"line":58,"column":51},"end":{"line":60,"column":3}}}},"branchMap":{},"s":{"0":1,"1":1,"2":1,"3":1,"4":1,"5":0,"6":0,"7":0,"8":0,"9":0,"10":1,"11":1,"12":1,"13":1,"14":3,"15":12,"16":0,"17":0,"18":1,"19":1,"20":1},"f":{"0":0,"1":0,"2":0,"3":0,"4":0,"5":3,"6":12,"7":0,"8":0,"9":1,"10":1},"b":{}}
,"/Users/andrew/Documents/multibasebox/projects/undo-redo-vuex/tests/unit/utils-test.ts": {"path":"/Users/andrew/Documents/multibasebox/projects/undo-redo-vuex/tests/unit/utils-test.ts","statementMap":{"0":{"start":{"line":1,"column":0},"end":{"line":1,"column":21}},"1":{"start":{"line":3,"column":13},"end":{"line":6,"column":2}},"2":{"start":{"line":3,"column":36},"end":{"line":6,"column":1}},"3":{"start":{"line":4,"column":2},"end":{"line":4,"column":66}},"4":{"start":{"line":5,"column":2},"end":{"line":5,"column":23}},"5":{"start":{"line":8,"column":13},"end":{"line":11,"column":2}},"6":{"start":{"line":8,"column":36},"end":{"line":11,"column":1}},"7":{"start":{"line":9,"column":2},"end":{"line":9,"column":66}},"8":{"start":{"line":10,"column":2},"end":{"line":10,"column":23}}},"fnMap":{"0":{"name":"(anonymous_0)","decl":{"start":{"line":3,"column":20},"end":{"line":3,"column":21}},"loc":{"start":{"line":3,"column":36},"end":{"line":6,"column":1}}},"1":{"name":"(anonymous_1)","decl":{"start":{"line":3,"column":36},"end":{"line":3,"column":40}},"loc":{"start":{"line":3,"column":69},"end":{"line":6,"column":1}}},"2":{"name":"(anonymous_2)","decl":{"start":{"line":8,"column":20},"end":{"line":8,"column":21}},"loc":{"start":{"line":8,"column":36},"end":{"line":11,"column":1}}},"3":{"name":"(anonymous_3)","decl":{"start":{"line":8,"column":36},"end":{"line":8,"column":40}},"loc":{"start":{"line":8,"column":69},"end":{"line":11,"column":1}}}},"branchMap":{"0":{"loc":{"start":{"line":3,"column":63},"end":{"line":3,"column":65}},"type":"default-arg","locations":[{"start":{"line":3,"column":63},"end":{"line":3,"column":65}}]},"1":{"loc":{"start":{"line":4,"column":38},"end":{"line":4,"column":53}},"type":"cond-expr","locations":[{"start":{"line":4,"column":38},"end":{"line":4,"column":53}},{"start":{"line":4,"column":56},"end":{"line":4,"column":58}}]},"2":{"loc":{"start":{"line":8,"column":63},"end":{"line":8,"column":65}},"type":"default-arg","locations":[{"start":{"line":8,"column":63},"end":{"line":8,"column":65}}]},"3":{"loc":{"start":{"line":9,"column":38},"end":{"line":9,"column":53}},"type":"cond-expr","locations":[{"start":{"line":9,"column":38},"end":{"line":9,"column":53}},{"start":{"line":9,"column":56},"end":{"line":9,"column":58}}]}},"s":{"0":5,"1":5,"2":15,"3":15,"4":15,"5":5,"6":15,"7":15,"8":15},"f":{"0":15,"1":15,"2":15,"3":15},"b":{"0":[12],"1":[3,12],"2":[12],"3":[3,12]}}
}
