TN:
SF:/Users/andrew/Documents/multibasebox/projects/undo-redo-vuex/src/constants.ts
FNF:0
FNH:0
DA:1,5
DA:2,5
DA:3,5
DA:4,5
LF:4
LH:4
BRF:0
BRH:0
end_of_record
TN:
SF:/Users/andrew/Documents/multibasebox/projects/undo-redo-vuex/src/redo.ts
FN:15,(anonymous_0)
FN:21,(anonymous_1)
FN:31,(anonymous_2)
FN:74,(anonymous_3)
FNF:4
FNH:4
FNDA:14,(anonymous_0)
FNDA:14,(anonymous_1)
FNDA:31,(anonymous_2)
FNDA:22,(anonymous_3)
DA:1,5
DA:15,5
DA:21,14
DA:22,14
DA:23,14
DA:30,14
DA:43,31
DA:45,14
DA:47,14
DA:48,17
DA:50,7
DA:53,10
DA:54,10
DA:57,10
DA:59,10
DA:60,10
DA:63,31
DA:72,14
DA:74,14
DA:76,22
DA:82,22
DA:84,22
DA:89,14
DA:90,14
DA:91,14
DA:92,14
DA:97,14
LF:27
LH:27
BRDA:23,0,0,14
BRDA:23,0,1,0
BRDA:43,1,0,14
BRDA:43,1,1,17
BRDA:48,2,0,7
BRDA:48,2,1,10
BRDA:58,3,0,10
BRDA:58,3,1,9
BRDA:59,4,0,8
BRDA:59,4,1,2
BRDA:60,5,0,8
BRDA:60,5,1,2
BRDA:78,6,0,0
BRDA:78,6,1,22
BRDA:85,7,0,2
BRDA:85,7,1,20
BRF:16
BRH:14
end_of_record
TN:
SF:/Users/andrew/Documents/multibasebox/projects/undo-redo-vuex/src/undo.ts
FN:16,(anonymous_0)
FN:22,(anonymous_1)
FN:33,(anonymous_2)
FN:74,(anonymous_3)
FN:83,(anonymous_4)
FNF:5
FNH:5
FNDA:15,(anonymous_0)
FNDA:15,(anonymous_1)
FNDA:51,(anonymous_2)
FNDA:24,(anonymous_3)
FNDA:27,(anonymous_4)
DA:1,5
DA:2,5
DA:16,5
DA:22,15
DA:23,15
DA:25,15
DA:32,15
DA:45,51
DA:47,15
DA:49,15
DA:50,36
DA:52,20
DA:54,16
DA:55,16
DA:58,16
DA:60,16
DA:61,16
DA:64,51
DA:74,24
DA:78,15
DA:80,15
DA:81,15
DA:82,15
DA:83,15
DA:84,27
DA:92,27
DA:93,27
DA:98,15
DA:99,15
DA:100,15
DA:106,15
LF:31
LH:31
BRDA:25,0,0,15
BRDA:25,0,1,0
BRDA:45,1,0,15
BRDA:45,1,1,36
BRDA:50,2,0,20
BRDA:50,2,1,16
BRDA:59,3,0,16
BRDA:59,3,1,11
BRDA:60,4,0,9
BRDA:60,4,1,7
BRDA:61,5,0,9
BRDA:61,5,1,7
BRDA:75,6,0,2
BRDA:75,6,1,22
BRDA:87,7,0,0
BRDA:87,7,1,27
BRDA:94,8,0,0
BRDA:94,8,1,27
BRF:18
BRH:15
end_of_record
TN:
SF:/Users/andrew/Documents/multibasebox/projects/undo-redo-vuex/src/undoRedo.ts
FN:9,(anonymous_0)
FN:13,(anonymous_1)
FN:19,(anonymous_2)
FN:25,(anonymous_3)
FN:27,(anonymous_4)
FN:33,(anonymous_5)
FN:40,(anonymous_6)
FN:51,(anonymous_7)
FN:56,(anonymous_8)
FN:60,(anonymous_9)
FN:61,(anonymous_10)
FN:70,(anonymous_11)
FN:70,(anonymous_12)
FN:78,(anonymous_13)
FN:78,(anonymous_14)
FN:97,(anonymous_15)
FN:97,(anonymous_16)
FN:109,(anonymous_17)
FN:137,(anonymous_18)
FNF:19
FNH:19
FNDA:30,(anonymous_0)
FNDA:5,(anonymous_1)
FNDA:5,(anonymous_2)
FNDA:5,(anonymous_3)
FNDA:104,(anonymous_4)
FNDA:5,(anonymous_5)
FNDA:5,(anonymous_6)
FNDA:1,(anonymous_7)
FNDA:2,(anonymous_8)
FNDA:1,(anonymous_9)
FNDA:1,(anonymous_10)
FNDA:15,(anonymous_11)
FNDA:15,(anonymous_12)
FNDA:15,(anonymous_13)
FNDA:15,(anonymous_14)
FNDA:5,(anonymous_15)
FNDA:5,(anonymous_16)
FNDA:195,(anonymous_17)
FNDA:34,(anonymous_18)
DA:2,5
DA:3,5
DA:4,5
DA:5,5
DA:9,5
DA:10,5
DA:11,5
DA:13,5
DA:19,5
DA:25,5
DA:28,104
DA:29,104
DA:33,5
DA:40,5
DA:43,5
DA:51,5
DA:54,1
DA:56,2
DA:60,5
DA:61,1
DA:62,1
DA:70,15
DA:71,15
DA:72,15
DA:73,15
DA:75,0
DA:78,15
DA:79,15
DA:80,15
DA:81,15
DA:83,0
DA:97,5
DA:98,5
DA:109,5
DA:110,195
DA:111,195
DA:114,195
DA:116,195
DA:117,195
DA:119,195
DA:126,23
DA:127,23
DA:131,23
DA:137,5
DA:138,34
DA:139,34
DA:141,34
DA:143,15
DA:144,14
DA:145,15
DA:147,15
DA:148,15
DA:149,15
DA:151,4
LF:54
LH:52
BRDA:28,0,0,52
BRDA:28,0,1,52
BRDA:29,1,0,52
BRDA:29,1,1,52
BRDA:35,2,0,5
BRDA:35,2,1,0
BRDA:36,3,0,5
BRDA:36,3,1,0
BRDA:37,4,0,5
BRDA:37,4,1,0
BRDA:41,5,0,4
BRDA:42,6,0,0
BRDA:55,7,0,1
BRDA:55,7,1,0
BRDA:65,8,0,1
BRDA:65,8,1,0
BRDA:72,9,0,15
BRDA:72,9,1,0
BRDA:80,10,0,15
BRDA:80,10,1,0
BRDA:99,11,0,1
BRDA:99,11,1,4
BRDA:103,12,0,4
BRDA:103,12,1,0
BRDA:112,13,0,37
BRDA:112,13,1,158
BRDA:116,14,0,195
BRDA:116,14,1,0
BRDA:119,15,0,23
BRDA:119,15,1,172
BRDA:120,16,0,195
BRDA:120,16,1,180
BRDA:120,16,2,76
BRDA:120,16,3,72
BRDA:120,16,4,72
BRDA:139,17,0,8
BRDA:139,17,1,26
BRDA:142,18,0,15
BRDA:142,18,1,15
BRDA:142,18,2,4
BRDA:143,19,0,14
BRDA:143,19,1,1
BRDA:147,20,0,15
BRDA:147,20,1,0
BRF:44
BRH:33
end_of_record
TN:
SF:/Users/andrew/Documents/multibasebox/projects/undo-redo-vuex/src/utils-undo-redo.ts
FN:12,(anonymous_0)
FN:12,(anonymous_1)
FN:14,(anonymous_2)
FN:26,(anonymous_3)
FN:26,(anonymous_4)
FN:28,(anonymous_5)
FN:30,(anonymous_6)
FN:31,(anonymous_7)
FN:44,(anonymous_8)
FN:45,(anonymous_9)
FN:46,(anonymous_10)
FN:51,(anonymous_11)
FN:51,(anonymous_12)
FN:59,(anonymous_13)
FN:59,(anonymous_14)
FN:67,(anonymous_15)
FN:73,(anonymous_16)
FNF:17
FNH:17
FNDA:358,(anonymous_0)
FNDA:358,(anonymous_1)
FNDA:358,(anonymous_2)
FNDA:44,(anonymous_3)
FNDA:44,(anonymous_4)
FNDA:73,(anonymous_5)
FNDA:4,(anonymous_6)
FNDA:4,(anonymous_7)
FNDA:52,(anonymous_8)
FNDA:52,(anonymous_9)
FNDA:52,(anonymous_10)
FNDA:52,(anonymous_11)
FNDA:52,(anonymous_12)
FNDA:52,(anonymous_13)
FNDA:52,(anonymous_14)
FNDA:52,(anonymous_15)
FNDA:52,(anonymous_16)
DA:1,5
DA:12,358
DA:14,358
DA:26,44
DA:27,44
DA:28,73
DA:31,4
DA:44,5
DA:45,52
DA:46,52
DA:47,52
DA:51,52
DA:52,52
DA:53,52
DA:54,52
DA:56,0
DA:59,52
DA:60,52
DA:61,52
DA:62,52
DA:64,0
DA:67,5
DA:73,52
DA:74,52
DA:75,52
DA:77,52
DA:80,52
LF:27
LH:25
BRDA:14,0,0,358
BRDA:14,0,1,0
BRDA:53,1,0,52
BRDA:53,1,1,0
BRDA:61,2,0,52
BRDA:61,2,1,0
BRF:6
BRH:3
end_of_record
TN:
SF:/Users/andrew/Documents/multibasebox/projects/undo-redo-vuex/tests/store/index.ts
FNF:0
FNH:0
DA:1,1
DA:2,1
DA:3,1
DA:4,1
DA:5,1
DA:7,1
DA:9,1
DA:11,1
DA:29,1
LF:9
LH:9
BRF:0
BRH:0
end_of_record
TN:
SF:/Users/andrew/Documents/multibasebox/projects/undo-redo-vuex/tests/store-non-namespaced/index.ts
FN:36,(anonymous_0)
FN:37,(anonymous_1)
FN:37,(anonymous_2)
FN:38,(anonymous_3)
FN:39,(anonymous_4)
FN:53,(anonymous_5)
FN:56,(anonymous_6)
FN:59,(anonymous_7)
FN:62,(anonymous_8)
FN:65,(anonymous_9)
FN:68,(anonymous_10)
FNF:11
FNH:4
FNDA:0,(anonymous_0)
FNDA:0,(anonymous_1)
FNDA:0,(anonymous_2)
FNDA:0,(anonymous_3)
FNDA:0,(anonymous_4)
FNDA:12,(anonymous_5)
FNDA:60,(anonymous_6)
FNDA:0,(anonymous_7)
FNDA:0,(anonymous_8)
FNDA:1,(anonymous_9)
FNDA:1,(anonymous_10)
DA:3,4
DA:4,4
DA:5,4
DA:6,4
DA:8,4
DA:10,4
DA:30,4
DA:35,4
DA:36,0
DA:37,0
DA:38,0
DA:39,0
DA:42,4
DA:45,1
DA:48,1
DA:52,4
DA:54,12
DA:57,60
DA:60,0
DA:63,0
DA:66,1
DA:69,1
DA:73,4
LF:23
LH:17
BRF:0
BRH:0
end_of_record
TN:
SF:/Users/andrew/Documents/multibasebox/projects/undo-redo-vuex/tests/store/modules/auth.ts
FN:8,(anonymous_0)
FN:11,(anonymous_1)
FN:14,(anonymous_2)
FN:15,(anonymous_3)
FN:16,(anonymous_4)
FN:20,(anonymous_5)
FN:21,(anonymous_6)
FN:22,(anonymous_7)
FNF:8
FNH:0
FNDA:0,(anonymous_0)
FNDA:0,(anonymous_1)
FNDA:0,(anonymous_2)
FNDA:0,(anonymous_3)
FNDA:0,(anonymous_4)
FNDA:0,(anonymous_5)
FNDA:0,(anonymous_6)
FNDA:0,(anonymous_7)
DA:1,1
DA:3,1
DA:8,1
DA:10,1
DA:11,0
DA:14,1
DA:15,0
DA:16,0
DA:17,0
DA:20,1
DA:21,0
DA:22,0
DA:23,0
DA:27,1
DA:29,0
DA:30,0
DA:31,0
DA:32,0
DA:33,0
DA:35,0
DA:36,0
DA:40,0
DA:41,0
DA:42,0
DA:43,0
DA:45,0
DA:46,0
DA:51,1
DA:53,0
DA:57,0
DA:58,0
DA:62,0
DA:66,0
DA:67,0
DA:71,0
DA:72,0
DA:76,1
LF:37
LH:9
BRF:0
BRH:0
end_of_record
TN:
SF:/Users/andrew/Documents/multibasebox/projects/undo-redo-vuex/tests/store/modules/list.ts
FN:13,(anonymous_0)
FN:14,(anonymous_1)
FN:14,(anonymous_2)
FN:15,(anonymous_3)
FN:16,(anonymous_4)
FN:43,(anonymous_5)
FN:46,(anonymous_6)
FN:49,(anonymous_7)
FN:52,(anonymous_8)
FN:55,(anonymous_9)
FN:58,(anonymous_10)
FNF:11
FNH:4
FNDA:0,(anonymous_0)
FNDA:0,(anonymous_1)
FNDA:0,(anonymous_2)
FNDA:0,(anonymous_3)
FNDA:0,(anonymous_4)
FNDA:3,(anonymous_5)
FNDA:12,(anonymous_6)
FNDA:0,(anonymous_7)
FNDA:0,(anonymous_8)
FNDA:1,(anonymous_9)
FNDA:1,(anonymous_10)
DA:2,1
DA:3,1
DA:5,1
DA:7,1
DA:12,1
DA:13,0
DA:14,0
DA:15,0
DA:16,0
DA:32,1
DA:35,1
DA:38,1
DA:42,1
DA:44,3
DA:47,12
DA:50,0
DA:53,0
DA:56,1
DA:59,1
DA:63,1
LF:20
LH:14
BRF:0
BRH:0
end_of_record
TN:
SF:/Users/andrew/Documents/multibasebox/projects/undo-redo-vuex/tests/unit/utils-test.ts
FN:3,(anonymous_0)
FN:3,(anonymous_1)
FN:8,(anonymous_2)
FN:8,(anonymous_3)
FNF:4
FNH:4
FNDA:15,(anonymous_0)
FNDA:15,(anonymous_1)
FNDA:15,(anonymous_2)
FNDA:15,(anonymous_3)
DA:1,5
DA:3,15
DA:4,15
DA:5,15
DA:8,15
DA:9,15
DA:10,15
LF:7
LH:7
BRDA:3,0,0,12
BRDA:4,1,0,3
BRDA:4,1,1,12
BRDA:8,2,0,12
BRDA:9,3,0,3
BRDA:9,3,1,12
BRF:6
BRH:6
end_of_record
